<?xml version="1.0" encoding="UTF-8"?>
<!-- Generated by org.testng.reporters.JUnitXMLReporter -->
<testsuite ignored="1" hostname="DESKTOP-4R9RIIG" failures="0" tests="1" name="Checkboxes" time="4.215" errors="0" timestamp="2023-07-12T20:07:51 EEST">
  <testcase classname="com.herokuapp.Checkboxes" name="checkboxTest" time="4.17"/>
  <testcase classname="com.herokuapp.Checkboxes" name="uncheckCheckboxesTest" time="0.0">
    <ignored/>
  </testcase> <!-- uncheckCheckboxesTest -->
</testsuite> <!-- Checkboxes -->
