<?xml version="1.0" encoding="UTF-8"?>
<!-- Generated by org.testng.reporters.JUnitXMLReporter -->
<testsuite ignored="0" hostname="DESKTOP-4R9RIIG" failures="0" tests="3" name="Login and Logout" time="21.274" errors="0" timestamp="2023-07-12T20:08:17 EEST">
  <testcase classname="com.herokuapp.Login" name="loginTest" time="6.145"/>
  <testcase classname="com.herokuapp.Negativelogin" name="negativeLoginTest" time="10.396"/>
  <testcase classname="com.herokuapp.Logout" name="logoutTest" time="4.729"/>
</testsuite> <!-- Login and Logout -->
